2018-03-12 12:47:47,584 - log\train.log - INFO - Created model with fresh parameters.
2018-03-12 14:44:49,393 - log\train.log - INFO - Created model with fresh parameters.
2018-03-12 14:51:09,981 - log\train.log - INFO - Created model with fresh parameters.
2018-03-12 14:55:54,057 - log\train.log - INFO - Created model with fresh parameters.
2018-03-12 14:56:45,272 - log\train.log - INFO - Load pre-trained embedding.
2018-03-12 14:59:04,237 - log\train.log - INFO - Reading model parameters from ckpt\ner.ckpt
2018-03-12 15:31:27,847 - log\train.log - INFO - Reading model parameters from ckpt\ner.ckpt
2018-03-12 16:06:53,027 - log\train.log - INFO - seg_dim        :	20
2018-03-12 16:06:53,098 - log\train.log - INFO - dropout_keep   :	0.5
2018-03-12 16:06:53,099 - log\train.log - INFO - num_tags       :	51
2018-03-12 16:06:53,099 - log\train.log - INFO - clip           :	5
2018-03-12 16:06:53,099 - log\train.log - INFO - model_type     :	idcnn
2018-03-12 16:06:53,099 - log\train.log - INFO - pre_emb        :	True
2018-03-12 16:06:53,099 - log\train.log - INFO - lstm_dim       :	100
2018-03-12 16:06:53,100 - log\train.log - INFO - emb_file       :	F:/git_pro/tensorflow½Ì³Ì/NERuselocal/data/vec.txt
2018-03-12 16:06:53,110 - log\train.log - INFO - lr             :	0.001
2018-03-12 16:06:53,110 - log\train.log - INFO - char_dim       :	100
2018-03-12 16:06:53,111 - log\train.log - INFO - optimizer      :	adam
2018-03-12 16:06:53,111 - log\train.log - INFO - tag_schema     :	iobes
2018-03-12 16:06:53,111 - log\train.log - INFO - lower          :	False
2018-03-12 16:06:53,111 - log\train.log - INFO - batch_size     :	20
2018-03-12 16:06:53,111 - log\train.log - INFO - zeros          :	True
2018-03-12 16:06:53,111 - log\train.log - INFO - num_chars      :	3538
2018-03-12 16:07:05,279 - log\train.log - INFO - Reading model parameters from ckpt\ner.ckpt
2018-05-21 17:00:13,981 - log\train.log - INFO - Reading model parameters from ckpt\ner.ckpt
2018-05-21 17:05:22,190 - log\train.log - INFO - Reading model parameters from ckpt\ner.ckpt
2018-05-27 11:08:21,670 - log\train.log - INFO - Reading model parameters from ckpt\ner.ckpt
